p/p-f-s-2.PNG 1 0 0 231 153
p/p-e-d-3.PNG 1 0 0 229 153
p/r-f-o-2.PNG 1 0 0 228 155
p/g-f-d-3.PNG 1 0 0 232 155
p/p-e-o-1.PNG 1 0 0 228 153
p/p-e-s-2.PNG 1 0 0 225 151
p/p-f-s-3.PNG 1 0 0 225 151
p/p-f-s-1.PNG 1 0 0 225 151
p/r-l-s-2.PNG 1 0 0 228 152
p/r-l-o-2.PNG 1 0 0 226 154
p/r-l-o-1.PNG 1 0 0 228 151
p/p-e-o-2.PNG 1 0 0 228 149
p/p-e-d-2.PNG 1 0 0 228 154
p/g-f-o-3.PNG 1 0 0 230 152
p/g-e-d-1.PNG 1 0 0 228 152
p/r-e-d-3.PNG 1 0 0 228 152
p/p-l-d-1.PNG 1 0 0 225 151
p/r-l-d-2.PNG 1 0 0 225 149
p/p-f-o-3.PNG 1 0 0 226 151
p/r-f-s-2.PNG 1 0 0 225 148
p/r-l-s-1.PNG 1 0 0 226 150
p/g-e-s-1.PNG 1 0 0 230 153
p/p-l-s-3.PNG 1 0 0 224 152
p/9.jpg 1 0 0 150 100
p/81.jpg 1 0 0 150 100
p/80.jpg 1 0 0 150 100
p/8.jpg 1 0 0 150 100
p/79.jpg 1 0 0 150 100
p/78.jpg 1 0 0 150 100
p/77.jpg 1 0 0 150 100
p/76.jpg 1 0 0 150 100
p/75.jpg 1 0 0 150 100
p/74.jpg 1 0 0 150 100
p/73.jpg 1 0 0 150 100
p/72.jpg 1 0 0 150 100
p/71.jpg 1 0 0 150 100
p/7.jpg 1 0 0 150 100
p/70.jpg 1 0 0 150 100
p/69.jpg 1 0 0 150 100
p/68.jpg 1 0 0 150 100
p/66.jpg 1 0 0 150 100
p/67.jpg 1 0 0 150 100
p/65.jpg 1 0 0 150 100
p/64.jpg 1 0 0 150 100
p/62.jpg 1 0 0 150 100
p/63.jpg 1 0 0 150 100
p/61.jpg 1 0 0 150 100
p/60.jpg 1 0 0 150 100
p/6.jpg 1 0 0 150 100
p/59.jpg 1 0 0 150 100
p/58.jpg 1 0 0 150 100
p/57.jpg 1 0 0 150 100
p/55.jpg 1 0 0 150 100
p/56.jpg 1 0 0 150 100
p/54.jpg 1 0 0 150 100
p/53.jpg 1 0 0 150 100
p/52.jpg 1 0 0 150 100
p/51.jpg 1 0 0 150 100
p/50.jpg 1 0 0 150 100
p/49.jpg 1 0 0 150 100
p/5.jpg 1 0 0 150 100
p/48.jpg 1 0 0 150 100
p/47.jpg 1 0 0 150 100
p/46.jpg 1 0 0 150 100
p/45.jpg 1 0 0 150 100
p/44.jpg 1 0 0 150 100
p/43.jpg 1 0 0 150 100
p/41.jpg 1 0 0 150 100
p/42.jpg 1 0 0 150 100
p/40.jpg 1 0 0 150 100
p/4.jpg 1 0 0 150 100
p/39.jpg 1 0 0 150 100
p/38.jpg 1 0 0 150 100
p/37.jpg 1 0 0 150 100
p/36.jpg 1 0 0 150 100
p/35.jpg 1 0 0 150 100
p/34.jpg 1 0 0 150 100
p/33.jpg 1 0 0 150 100
p/32.jpg 1 0 0 150 100
p/31.jpg 1 0 0 150 100
p/30.jpg 1 0 0 150 100
p/3.jpg 1 0 0 150 100
p/29.jpg 1 0 0 150 100
p/28.jpg 1 0 0 150 100
p/27.jpg 1 0 0 150 100
p/26.jpg 1 0 0 150 100
p/25.jpg 1 0 0 150 100
p/24.jpg 1 0 0 150 100
p/23.jpg 1 0 0 150 100
p/22.jpg 1 0 0 150 100
p/21.jpg 1 0 0 150 100
p/20.jpg 1 0 0 150 100
p/2.jpg 1 0 0 150 100
p/19.jpg 1 0 0 150 100
p/18.jpg 1 0 0 150 100
p/17.jpg 1 0 0 150 100
p/16.jpg 1 0 0 150 100
p/15.jpg 1 0 0 150 100
p/14.jpg 1 0 0 150 100
p/13.jpg 1 0 0 150 100
p/12.jpg 1 0 0 150 100
p/11.jpg 1 0 0 150 100
p/1.jpg 1 0 0 150 100
p/10.jpg 1 0 0 150 100